#
# A fatal error has been detected by the Java Runtime Environment:
#
#  EXCEPTION_ACCESS_VIOLATION (0xc0000005) at pc=0x00007ff93c17f29c, pid=7576, tid=0x00000000000041ac
#
# JRE version: Java(TM) SE Runtime Environment (8.0_144-b01) (build 1.8.0_144-b01)
# Java VM: Java HotSpot(TM) 64-Bit Server VM (25.144-b01 mixed mode windows-amd64 compressed oops)
# Problematic frame:
# C  0x00007ff93c17f29c
#
# Failed to write core dump. Minidumps are not enabled by default on client versions of Windows
#
# If you would like to submit a bug report, please visit:
#   http://bugreport.java.com/bugreport/crash.jsp
# The crash happened outside the Java Virtual Machine in native code.
# See problematic frame for where to report the bug.
#

---------------  T H R E A D  ---------------

Current thread (0x0000000028cec000):  JavaThread "Animation Thread" [_thread_in_native, id=16812, stack(0x000000002eae0000,0x000000002ebe0000)]

siginfo: ExceptionCode=0xc0000005, ExceptionInformation=0x0000000000000008 0x00007ff93c17f29c

Registers:
RAX=0x0000000000000000, RBX=0x0000000000e348e0, RCX=0x00007ff9470919e4, RDX=0x0000000000000000
RSP=0x000000002ebded60, RBP=0xffffffff9426020f, RSI=0x0000000000000000, RDI=0x0000000000000000
R8 =0x000000002ebded58, R9 =0xffffffff9426020f, R10=0x0000000000000000, R11=0x0000000000000246
R12=0x0000000000000000, R13=0x000000002e776818, R14=0x000000002ebdeed0, R15=0x0000000028cec000
RIP=0x00007ff93c17f29c, EFLAGS=0x0000000000010246

Top of Stack: (sp=0x000000002ebded60)
0x000000002ebded60:   0000000000e348e0 0000000000000000
0x000000002ebded70:   000000006fb01a18 000000001eed3840
0x000000002ebded80:   0000000000e34938 ffffffff9426020f
0x000000002ebded90:   0000000000e348e8 0000000000000000
0x000000002ebdeda0:   0000000000000002 000000006f9de070
0x000000002ebdedb0:   0000000000000000 000000001fa32c50
0x000000002ebdedc0:   000000002ebdeed0 000000002ebdede0
0x000000002ebdedd0:   0000000000000000 000000006f9e2854
0x000000002ebdede0:   0000000028d40e90 0000000000000000
0x000000002ebdedf0:   00000000000000f0 000000079a551730
0x000000002ebdee00:   0000000000000118 0000000003187f74
0x000000002ebdee10:   000000002e776818 000000002ebdee98
0x000000002ebdee20:   0000000021000021 000000001c61d0d8
0x000000002ebdee30:   00000000000001cc 000000002ebdee50
0x000000002ebdee40:   000000002ebdeeb0 000000000317835d
0x000000002ebdee50:   00000006c10c59c8 000000002ebdee58 

Instructions: (pc=0x00007ff93c17f29c)
0x00007ff93c17f27c:   
[error occurred during error reporting (printing registers, top of stack, instructions near pc), id 0xc0000005]

Register to memory mapping:

RAX=0x0000000000000000 is an unknown value
RBX=0x0000000000e348e0 is an unknown value
RCX=0x00007ff9470919e4 is an unknown value
RDX=0x0000000000000000 is an unknown value
RSP=0x000000002ebded60 is pointing into the stack for thread: 0x0000000028cec000
RBP=0xffffffff9426020f is an unknown value
RSI=0x0000000000000000 is an unknown value
RDI=0x0000000000000000 is an unknown value
R8 =0x000000002ebded58 is pointing into the stack for thread: 0x0000000028cec000
R9 =0xffffffff9426020f is an unknown value
R10=0x0000000000000000 is an unknown value
R11=0x0000000000000246 is an unknown value
R12=0x0000000000000000 is an unknown value
R13={method} {0x000000002e776820} 'initOps' '(III)V' in 'sun/java2d/d3d/D3DSurfaceData'
R14=0x000000002ebdeed0 is pointing into the stack for thread: 0x0000000028cec000
R15=0x0000000028cec000 is a thread


Stack: [0x000000002eae0000,0x000000002ebe0000],  sp=0x000000002ebded60,  free space=1019k
Native frames: (J=compiled Java code, j=interpreted, Vv=VM code, C=native code)
C  0x00007ff93c17f29c

Java frames: (J=compiled Java code, j=interpreted, Vv=VM code)
j  sun.java2d.d3d.D3DSurfaceData.initOps(III)V+0
j  sun.java2d.d3d.D3DSurfaceData.<init>(Lsun/awt/windows/WComponentPeer;Lsun/java2d/d3d/D3DGraphicsConfig;IILjava/awt/Image;Ljava/awt/image/ColorModel;IILsun/java2d/pipe/hw/ExtendedBufferCapabilities$VSyncType;I)V+76
j  sun.java2d.d3d.D3DSurfaceData.createData(Lsun/awt/windows/WComponentPeer;Ljava/awt/Image;)Lsun/java2d/d3d/D3DSurfaceData;+117
j  sun.java2d.d3d.D3DVolatileSurfaceManager.initAcceleratedSurface()Lsun/java2d/SurfaceData;+59
j  sun.java2d.d3d.D3DVolatileSurfaceManager.restoreAcceleratedSurface()V+62
J 4226 C1 sun.awt.image.VolatileSurfaceManager.validate(Ljava/awt/GraphicsConfiguration;)I (204 bytes) @ 0x00000000034cfc34 [0x00000000034cf5e0+0x654]
J 4225 C1 sun.awt.image.SunVolatileImage.validate(Ljava/awt/GraphicsConfiguration;)I (9 bytes) @ 0x0000000003789284 [0x0000000003789180+0x104]
J 4534 C1 java.awt.Component$FlipBufferStrategy.revalidate(Z)V (143 bytes) @ 0x0000000003da9af4 [0x0000000003da95c0+0x534]
J 4238 C1 java.awt.Component$FlipBufferStrategy.getDrawGraphics()Ljava/awt/Graphics; (12 bytes) @ 0x000000000374b64c [0x000000000374b480+0x1cc]
J 4237 C1 processing.awt.PSurfaceAWT.render()V (104 bytes) @ 0x0000000003583224 [0x0000000003582900+0x924]
J 4259 C1 processing.awt.PSurfaceAWT$12.callDraw()V (18 bytes) @ 0x00000000033a62e4 [0x00000000033a6180+0x164]
j  processing.core.PSurfaceNone$AnimationThread.run()V+30
v  ~StubRoutines::call_stub

---------------  P R O C E S S  ---------------

Java Threads: ( => current thread )
  0x0000000028cf0800 JavaThread "Thread-0" daemon [_thread_in_native, id=19128, stack(0x0000000033d80000,0x0000000033e80000)]
=>0x0000000028cec000 JavaThread "Animation Thread" [_thread_in_native, id=16812, stack(0x000000002eae0000,0x000000002ebe0000)]
  0x0000000028c72000 JavaThread "AWT-EventQueue-0" [_thread_blocked, id=15920, stack(0x00000000271d0000,0x00000000272d0000)]
  0x0000000028c86000 JavaThread "AWT-Shutdown" [_thread_blocked, id=15100, stack(0x00000000201f0000,0x00000000202f0000)]
  0x0000000003070800 JavaThread "DestroyJavaVM" [_thread_blocked, id=18684, stack(0x0000000002f60000,0x0000000003060000)]
  0x0000000028b88800 JavaThread "main-FPSAWTAnimator#00-Timer0" [_thread_blocked, id=18396, stack(0x000000002ba90000,0x000000002bb90000)]
  0x000000001ff76000 JavaThread "HighResTimerThread" daemon [_thread_blocked, id=9324, stack(0x000000002b060000,0x000000002b160000)]
  0x000000001fa43800 JavaThread "Java2D Disposer" daemon [_thread_blocked, id=8056, stack(0x00000000200f0000,0x00000000201f0000)]
  0x000000001ec13800 JavaThread "Service Thread" daemon [_thread_blocked, id=5108, stack(0x000000001f640000,0x000000001f740000)]
  0x000000001eb7d800 JavaThread "C1 CompilerThread3" daemon [_thread_blocked, id=6828, stack(0x000000001f540000,0x000000001f640000)]
  0x000000001eb7c000 JavaThread "C2 CompilerThread2" daemon [_thread_blocked, id=892, stack(0x000000001f440000,0x000000001f540000)]
  0x000000001eb69000 JavaThread "C2 CompilerThread1" daemon [_thread_blocked, id=11076, stack(0x000000001f340000,0x000000001f440000)]
  0x000000001eb66000 JavaThread "C2 CompilerThread0" daemon [_thread_blocked, id=18552, stack(0x000000001f240000,0x000000001f340000)]
  0x000000001eb64000 JavaThread "Attach Listener" daemon [_thread_blocked, id=9700, stack(0x000000001f140000,0x000000001f240000)]
  0x000000001eb63800 JavaThread "Signal Dispatcher" daemon [_thread_blocked, id=16316, stack(0x000000001f040000,0x000000001f140000)]
  0x000000001eb00800 JavaThread "Finalizer" daemon [_thread_blocked, id=17780, stack(0x000000001eee0000,0x000000001efe0000)]
  0x0000000003169000 JavaThread "Reference Handler" daemon [_thread_blocked, id=7056, stack(0x000000001e9e0000,0x000000001eae0000)]

Other Threads:
  0x000000001cc09000 VMThread [stack: 0x000000001e8e0000,0x000000001e9e0000] [id=17136]
  0x000000001ec66800 WatcherThread [stack: 0x000000001f740000,0x000000001f840000] [id=13372]

VM state:not at safepoint (normal execution)

VM Mutex/Monitor currently owned by a thread: None

Heap:
 PSYoungGen      total 967680K, used 817496K [0x000000076af80000, 0x00000007a7b00000, 0x00000007c0000000)
  eden space 962048K, 84% used [0x000000076af80000,0x000000079c85e328,0x00000007a5b00000)
  from space 5632K, 99% used [0x00000007a7580000,0x00000007a7af8090,0x00000007a7b00000)
  to   space 13312K, 0% used [0x00000007a6100000,0x00000007a6100000,0x00000007a6e00000)
 ParOldGen       total 84992K, used 21847K [0x00000006c0e00000, 0x00000006c6100000, 0x000000076af80000)
  object space 84992K, 25% used [0x00000006c0e00000,0x00000006c2355ce8,0x00000006c6100000)
 Metaspace       used 30158K, capacity 30466K, committed 30976K, reserved 1077248K
  class space    used 2620K, capacity 2720K, committed 2816K, reserved 1048576K

Card table byte_map: [0x0000000012530000,0x0000000012d30000] byte_map_base: 0x000000000ef29000

Marking Bits: (ParMarkBitMap*) 0x00000000703dd850
 Begin Bits: [0x0000000013a90000, 0x0000000017a58000)
 End Bits:   [0x0000000017a58000, 0x000000001ba20000)

Polling page: 0x00000000009f0000

CodeCache: size=245760Kb used=13460Kb max_used=15213Kb free=232299Kb
 bounds [0x0000000003170000, 0x00000000040c0000, 0x0000000012170000]
 total_blobs=5095 nmethods=4058 adapters=948
 compilation: enabled

Compilation events (10 events):
Event: 22.133 Thread 0x000000001eb7c000 5407       4       sun.java2d.SunGraphics2D::setStroke (60 bytes)
Event: 22.135 Thread 0x000000001eb7c000 nmethod 5407 0x0000000003790150 code [0x00000000037902a0, 0x00000000037903a8]
Event: 22.250 Thread 0x000000001eb66000 5408       4       java.lang.Math::getExponent (17 bytes)
Event: 22.250 Thread 0x000000001eb66000 nmethod 5408 0x0000000003b07090 code [0x0000000003b071c0, 0x0000000003b07218]
Event: 22.317 Thread 0x000000001eb7d800 5409       3       java.util.logging.LogManager$LoggerContext::ensureDefaultLogger (70 bytes)
Event: 22.318 Thread 0x000000001eb7d800 nmethod 5409 0x000000000360f6d0 code [0x000000000360f880, 0x0000000003610128]
Event: 22.318 Thread 0x000000001eb7d800 5410   !   3       java.util.logging.LogManager::ensureLogManagerInitialized (128 bytes)
Event: 22.318 Thread 0x000000001eb7d800 nmethod 5410 0x0000000003cd2e50 code [0x0000000003cd3000, 0x0000000003cd3688]
Event: 22.318 Thread 0x000000001eb7d800 5411       3       java.util.logging.LogManager::access$100 (4 bytes)
Event: 22.319 Thread 0x000000001eb7d800 nmethod 5411 0x0000000003aeb3d0 code [0x0000000003aeb520, 0x0000000003aeb650]

GC Heap History (10 events):
Event: 4.292 GC heap before
{Heap before GC invocations=11 (full 1):
 PSYoungGen      total 381952K, used 368704K [0x000000076af80000, 0x000000078d000000, 0x00000007c0000000)
  eden space 366592K, 100% used [0x000000076af80000,0x0000000781580000,0x0000000781580000)
  from space 15360K, 13% used [0x0000000781580000,0x0000000781790000,0x0000000782480000)
  to   space 15360K, 0% used [0x000000078c100000,0x000000078c100000,0x000000078d000000)
 ParOldGen       total 84992K, used 13936K [0x00000006c0e00000, 0x00000006c6100000, 0x000000076af80000)
  object space 84992K, 16% used [0x00000006c0e00000,0x00000006c1b9c2a8,0x00000006c6100000)
 Metaspace       used 28358K, capacity 28646K, committed 29056K, reserved 1075200K
  class space    used 2548K, capacity 2652K, committed 2688K, reserved 1048576K
Event: 4.298 GC heap after
Heap after GC invocations=11 (full 1):
 PSYoungGen      total 542208K, used 672K [0x000000076af80000, 0x000000078d500000, 0x00000007c0000000)
  eden space 526848K, 0% used [0x000000076af80000,0x000000076af80000,0x000000078b200000)
  from space 15360K, 4% used [0x000000078c100000,0x000000078c1a8000,0x000000078d000000)
  to   space 15360K, 0% used [0x000000078b200000,0x000000078b200000,0x000000078c100000)
 ParOldGen       total 84992K, used 15616K [0x00000006c0e00000, 0x00000006c6100000, 0x000000076af80000)
  object space 84992K, 18% used [0x00000006c0e00000,0x00000006c1d402a8,0x00000006c6100000)
 Metaspace       used 28358K, capacity 28646K, committed 29056K, reserved 1075200K
  class space    used 2548K, capacity 2652K, committed 2688K, reserved 1048576K
}
Event: 9.550 GC heap before
{Heap before GC invocations=12 (full 1):
 PSYoungGen      total 542208K, used 527520K [0x000000076af80000, 0x000000078d500000, 0x00000007c0000000)
  eden space 526848K, 100% used [0x000000076af80000,0x000000078b200000,0x000000078b200000)
  from space 15360K, 4% used [0x000000078c100000,0x000000078c1a8000,0x000000078d000000)
  to   space 15360K, 0% used [0x000000078b200000,0x000000078b200000,0x000000078c100000)
 ParOldGen       total 84992K, used 15616K [0x00000006c0e00000, 0x00000006c6100000, 0x000000076af80000)
  object space 84992K, 18% used [0x00000006c0e00000,0x00000006c1d402a8,0x00000006c6100000)
 Metaspace       used 29778K, capacity 30076K, committed 30720K, reserved 1077248K
  class space    used 2612K, capacity 2719K, committed 2816K, reserved 1048576K
Event: 9.553 GC heap after
Heap after GC invocations=12 (full 1):
 PSYoungGen      total 542208K, used 4096K [0x000000076af80000, 0x000000079a580000, 0x00000007c0000000)
  eden space 526848K, 0% used [0x000000076af80000,0x000000076af80000,0x000000078b200000)
  from space 15360K, 26% used [0x000000078b200000,0x000000078b6000d0,0x000000078c100000)
  to   space 14848K, 0% used [0x0000000799700000,0x0000000799700000,0x000000079a580000)
 ParOldGen       total 84992K, used 16255K [0x00000006c0e00000, 0x00000006c6100000, 0x000000076af80000)
  object space 84992K, 19% used [0x00000006c0e00000,0x00000006c1ddff08,0x00000006c6100000)
 Metaspace       used 29778K, capacity 30076K, committed 30720K, reserved 1077248K
  class space    used 2612K, capacity 2719K, committed 2816K, reserved 1048576K
}
Event: 18.582 GC heap before
{Heap before GC invocations=13 (full 1):
 PSYoungGen      total 542208K, used 530944K [0x000000076af80000, 0x000000079a580000, 0x00000007c0000000)
  eden space 526848K, 100% used [0x000000076af80000,0x000000078b200000,0x000000078b200000)
  from space 15360K, 26% used [0x000000078b200000,0x000000078b6000d0,0x000000078c100000)
  to   space 14848K, 0% used [0x0000000799700000,0x0000000799700000,0x000000079a580000)
 ParOldGen       total 84992K, used 16255K [0x00000006c0e00000, 0x00000006c6100000, 0x000000076af80000)
  object space 84992K, 19% used [0x00000006c0e00000,0x00000006c1ddff08,0x00000006c6100000)
 Metaspace       used 30042K, capacity 30338K, committed 30976K, reserved 1077248K
  class space    used 2615K, capacity 2720K, committed 2816K, reserved 1048576K
Event: 18.585 GC heap after
Heap after GC invocations=13 (full 1):
 PSYoungGen      total 727552K, used 1248K [0x000000076af80000, 0x0000000799880000, 0x00000007c0000000)
  eden space 726016K, 0% used [0x000000076af80000,0x000000076af80000,0x0000000797480000)
  from space 1536K, 81% used [0x0000000799700000,0x0000000799838000,0x0000000799880000)
  to   space 14336K, 0% used [0x0000000797c80000,0x0000000797c80000,0x0000000798a80000)
 ParOldGen       total 84992K, used 19911K [0x00000006c0e00000, 0x00000006c6100000, 0x000000076af80000)
  object space 84992K, 23% used [0x00000006c0e00000,0x00000006c2171ce8,0x00000006c6100000)
 Metaspace       used 30042K, capacity 30338K, committed 30976K, reserved 1077248K
  class space    used 2615K, capacity 2720K, committed 2816K, reserved 1048576K
}
Event: 19.442 GC heap before
{Heap before GC invocations=14 (full 1):
 PSYoungGen      total 727552K, used 727264K [0x000000076af80000, 0x0000000799880000, 0x00000007c0000000)
  eden space 726016K, 100% used [0x000000076af80000,0x0000000797480000,0x0000000797480000)
  from space 1536K, 81% used [0x0000000799700000,0x0000000799838000,0x0000000799880000)
  to   space 14336K, 0% used [0x0000000797c80000,0x0000000797c80000,0x0000000798a80000)
 ParOldGen       total 84992K, used 19911K [0x00000006c0e00000, 0x00000006c6100000, 0x000000076af80000)
  object space 84992K, 23% used [0x00000006c0e00000,0x00000006c2171ce8,0x00000006c6100000)
 Metaspace       used 30084K, capacity 30402K, committed 30976K, reserved 1077248K
  class space    used 2615K, capacity 2720K, committed 2816K, reserved 1048576K
Event: 19.444 GC heap after
Heap after GC invocations=14 (full 1):
 PSYoungGen      total 748544K, used 2048K [0x000000076af80000, 0x00000007a8300000, 0x00000007c0000000)
  eden space 734208K, 0% used [0x000000076af80000,0x000000076af80000,0x0000000797c80000)
  from space 14336K, 14% used [0x0000000797c80000,0x0000000797e80000,0x0000000798a80000)
  to   space 13824K, 0% used [0x00000007a7580000,0x00000007a7580000,0x00000007a8300000)
 ParOldGen       total 84992K, used 20239K [0x00000006c0e00000, 0x00000006c6100000, 0x000000076af80000)
  object space 84992K, 23% used [0x00000006c0e00000,0x00000006c21c3ce8,0x00000006c6100000)
 Metaspace       used 30084K, capacity 30402K, committed 30976K, reserved 1077248K
  class space    used 2615K, capacity 2720K, committed 2816K, reserved 1048576K
}
Event: 20.411 GC heap before
{Heap before GC invocations=15 (full 1):
 PSYoungGen      total 748544K, used 736256K [0x000000076af80000, 0x00000007a8300000, 0x00000007c0000000)
  eden space 734208K, 100% used [0x000000076af80000,0x0000000797c80000,0x0000000797c80000)
  from space 14336K, 14% used [0x0000000797c80000,0x0000000797e80000,0x0000000798a80000)
  to   space 13824K, 0% used [0x00000007a7580000,0x00000007a7580000,0x00000007a8300000)
 ParOldGen       total 84992K, used 20239K [0x00000006c0e00000, 0x00000006c6100000, 0x000000076af80000)
  object space 84992K, 23% used [0x00000006c0e00000,0x00000006c21c3ce8,0x00000006c6100000)
 Metaspace       used 30098K, capacity 30402K, committed 30976K, reserved 1077248K
  class space    used 2615K, capacity 2720K, committed 2816K, reserved 1048576K
Event: 20.413 GC heap after
Heap after GC invocations=15 (full 1):
 PSYoungGen      total 967680K, used 5600K [0x000000076af80000, 0x00000007a7b00000, 0x00000007c0000000)
  eden space 962048K, 0% used [0x000000076af80000,0x000000076af80000,0x00000007a5b00000)
  from space 5632K, 99% used [0x00000007a7580000,0x00000007a7af8090,0x00000007a7b00000)
  to   space 13312K, 0% used [0x00000007a6100000,0x00000007a6100000,0x00000007a6e00000)
 ParOldGen       total 84992K, used 21847K [0x00000006c0e00000, 0x00000006c6100000, 0x000000076af80000)
  object space 84992K, 25% used [0x00000006c0e00000,0x00000006c2355ce8,0x00000006c6100000)
 Metaspace       used 30098K, capacity 30402K, committed 30976K, reserved 1077248K
  class space    used 2615K, capacity 2720K, committed 2816K, reserved 1048576K
}

Deoptimization events (10 events):
Event: 19.344 Thread 0x0000000028cef000 Uncommon trap: reason=unstable_if action=reinterpret pc=0x0000000003b998e4 method=java.util.concurrent.LinkedBlockingQueue.take()Ljava/lang/Object; @ 22
Event: 19.601 Thread 0x0000000028b88800 Uncommon trap: reason=unstable_if action=reinterpret pc=0x0000000003d43348 method=processing.opengl.PGraphicsOpenGL$Tessellator.splitRawIndices(Z)V @ 380
Event: 19.603 Thread 0x0000000028b88800 Uncommon trap: reason=unstable_if action=reinterpret pc=0x0000000003d46b80 method=processing.opengl.PGraphicsOpenGL$TessGeometry.addPolyVertices(Lprocessing/opengl/PGraphicsOpenGL$InGeometry;IIZ)V @ 85
Event: 19.603 Thread 0x0000000028b88800 Uncommon trap: reason=unstable_if action=reinterpret pc=0x0000000003cd7d18 method=processing.opengl.PGraphicsOpenGL$TessGeometry.isFull()Z @ 7
Event: 19.610 Thread 0x0000000028b88800 Uncommon trap: reason=unstable_if action=reinterpret pc=0x0000000003c6a5dc method=processing.opengl.PGraphicsOpenGL$InGeometry.addQuad(FFFFFFFFFFFFZ)V @ 63
Event: 19.613 Thread 0x0000000028b88800 Uncommon trap: reason=unstable_if action=reinterpret pc=0x0000000003c56620 method=processing.opengl.PGraphicsOpenGL$TessGeometry.isFull()Z @ 7
Event: 20.041 Thread 0x0000000028b88800 Uncommon trap: reason=unstable_if action=reinterpret pc=0x0000000003f6d528 method=org.locationtech.jts.geom.Envelope.covers(DD)Z @ 24
Event: 20.041 Thread 0x0000000028b88800 Uncommon trap: reason=unstable_if action=reinterpret pc=0x0000000003f7e404 method=org.locationtech.jts.geom.Envelope.covers(DD)Z @ 24
Event: 20.041 Thread 0x0000000028b88800 Uncommon trap: reason=unstable_if action=reinterpret pc=0x0000000003f4f460 method=org.locationtech.jts.geom.Envelope.covers(DD)Z @ 24
Event: 20.524 Thread 0x0000000028cef800 Uncommon trap: reason=unstable_if action=reinterpret pc=0x0000000003b0948c method=java.util.concurrent.ThreadPoolExecutor$Worker.tryAcquire(I)Z @ 6

Internal exceptions (10 events):
Event: 20.000 Thread 0x0000000028b88800 Exception <a 'java/io/IOException'> (0x0000000783382fa0) thrown at [C:\re\workspace\8-2-build-windows-amd64-cygwin\jdk8u144\9417\hotspot\src\share\vm\prims\jni.cpp, line 709]
Event: 20.000 Thread 0x0000000028b88800 Exception <a 'java/io/IOException'> (0x0000000783383440) thrown at [C:\re\workspace\8-2-build-windows-amd64-cygwin\jdk8u144\9417\hotspot\src\share\vm\prims\jni.cpp, line 709]
Event: 20.000 Thread 0x0000000028b88800 Exception <a 'java/io/IOException'> (0x00000007833838e0) thrown at [C:\re\workspace\8-2-build-windows-amd64-cygwin\jdk8u144\9417\hotspot\src\share\vm\prims\jni.cpp, line 709]
Event: 20.000 Thread 0x0000000028b88800 Exception <a 'java/io/IOException'> (0x0000000783383d50) thrown at [C:\re\workspace\8-2-build-windows-amd64-cygwin\jdk8u144\9417\hotspot\src\share\vm\prims\jni.cpp, line 709]
Event: 20.812 Thread 0x0000000028b88800 Exception <a 'java/io/IOException'> (0x0000000770d06e20) thrown at [C:\re\workspace\8-2-build-windows-amd64-cygwin\jdk8u144\9417\hotspot\src\share\vm\prims\jni.cpp, line 709]
Event: 20.812 Thread 0x0000000028b88800 Exception <a 'java/io/IOException'> (0x0000000770d07428) thrown at [C:\re\workspace\8-2-build-windows-amd64-cygwin\jdk8u144\9417\hotspot\src\share\vm\prims\jni.cpp, line 709]
Event: 20.812 Thread 0x0000000028b88800 Exception <a 'java/io/IOException'> (0x0000000770d078c8) thrown at [C:\re\workspace\8-2-build-windows-amd64-cygwin\jdk8u144\9417\hotspot\src\share\vm\prims\jni.cpp, line 709]
Event: 20.812 Thread 0x0000000028b88800 Exception <a 'java/io/IOException'> (0x0000000770d07d68) thrown at [C:\re\workspace\8-2-build-windows-amd64-cygwin\jdk8u144\9417\hotspot\src\share\vm\prims\jni.cpp, line 709]
Event: 20.812 Thread 0x0000000028b88800 Exception <a 'java/io/IOException'> (0x0000000770d081d8) thrown at [C:\re\workspace\8-2-build-windows-amd64-cygwin\jdk8u144\9417\hotspot\src\share\vm\prims\jni.cpp, line 709]
Event: 22.317 Thread 0x000000001ff41800 Exception <a 'java/lang/InterruptedException'> (0x000000079a57b208) thrown at [C:\re\workspace\8-2-build-windows-amd64-cygwin\jdk8u144\9417\hotspot\src\share\vm\runtime\objectMonitor.cpp, line 1684]

Events (10 events):
Event: 22.317 Thread 0x0000000028d25800 Thread exited: 0x0000000028d25800
Event: 22.317 loading class jogamp/newt/DisplayImpl$6
Event: 22.317 loading class jogamp/newt/DisplayImpl$6 done
Event: 22.317 loading class java/nio/channels/ClosedChannelException
Event: 22.318 loading class java/nio/channels/ClosedChannelException done
Event: 22.318 Thread 0x0000000028ceb000 Thread exited: 0x0000000028ceb000
Event: 22.318 Thread 0x000000001fc50800 Thread exited: 0x000000001fc50800
Event: 22.318 Thread 0x0000000028cee000 Thread exited: 0x0000000028cee000
Event: 22.318 loading class sun/java2d/pipe/hw/AccelDeviceEventNotifier
Event: 22.319 loading class sun/java2d/pipe/hw/AccelDeviceEventNotifier done


Dynamic libraries:
0x00007ff7e5d90000 - 0x00007ff7e5dc7000 	C:\Program Files\Java\jre1.8.0_144\bin\javaw.exe
0x00007ff949600000 - 0x00007ff9497f0000 	C:\Windows\SYSTEM32\ntdll.dll
0x00007ff947830000 - 0x00007ff9478e2000 	C:\Windows\System32\KERNEL32.DLL
0x00007ff946dc0000 - 0x00007ff947065000 	C:\Windows\System32\KERNELBASE.dll
0x00007ff948f00000 - 0x00007ff948fa3000 	C:\Windows\System32\ADVAPI32.dll
0x00007ff947d70000 - 0x00007ff947e0e000 	C:\Windows\System32\msvcrt.dll
0x00007ff948d00000 - 0x00007ff948d97000 	C:\Windows\System32\sechost.dll
0x00007ff947ab0000 - 0x00007ff947bcf000 	C:\Windows\System32\RPCRT4.dll
0x00007ff947bd0000 - 0x00007ff947d64000 	C:\Windows\System32\USER32.dll
0x00007ff947090000 - 0x00007ff9470b1000 	C:\Windows\System32\win32u.dll
0x00007ff949500000 - 0x00007ff949526000 	C:\Windows\System32\GDI32.dll
0x00007ff9472d0000 - 0x00007ff947468000 	C:\Windows\System32\gdi32full.dll
0x00007ff946cf0000 - 0x00007ff946d8e000 	C:\Windows\System32\msvcp_win.dll
0x00007ff947500000 - 0x00007ff9475fa000 	C:\Windows\System32\ucrtbase.dll
0x00007ff933aa0000 - 0x00007ff933d24000 	C:\Windows\WinSxS\amd64_microsoft.windows.common-controls_6595b64144ccf1df_6.0.18362.1441_none_9e7da8f1e45ea808\COMCTL32.dll
0x00007ff949140000 - 0x00007ff949476000 	C:\Windows\System32\combase.dll
0x00007ff947470000 - 0x00007ff9474f1000 	C:\Windows\System32\bcryptPrimitives.dll
0x00007ff948e00000 - 0x00007ff948e2e000 	C:\Windows\System32\IMM32.DLL
0x0000000070460000 - 0x0000000070532000 	C:\Program Files\Java\jre1.8.0_144\bin\msvcr100.dll
0x000000006fbc0000 - 0x000000007045d000 	C:\Program Files\Java\jre1.8.0_144\bin\server\jvm.dll
0x00007ff949550000 - 0x00007ff949558000 	C:\Windows\System32\PSAPI.DLL
0x00007ff9406c0000 - 0x00007ff9406c9000 	C:\Windows\SYSTEM32\WSOCK32.dll
0x00007ff9490c0000 - 0x00007ff94912f000 	C:\Windows\System32\WS2_32.dll
0x00007ff941090000 - 0x00007ff94109a000 	C:\Windows\SYSTEM32\VERSION.dll
0x00007ff943d00000 - 0x00007ff943d24000 	C:\Windows\SYSTEM32\WINMM.dll
0x00007ff943cd0000 - 0x00007ff943cfd000 	C:\Windows\SYSTEM32\winmmbase.dll
0x00007ff947280000 - 0x00007ff9472ca000 	C:\Windows\System32\cfgmgr32.dll
0x000000006fbb0000 - 0x000000006fbbf000 	C:\Program Files\Java\jre1.8.0_144\bin\verify.dll
0x000000006fb80000 - 0x000000006fba9000 	C:\Program Files\Java\jre1.8.0_144\bin\java.dll
0x000000006fb60000 - 0x000000006fb76000 	C:\Program Files\Java\jre1.8.0_144\bin\zip.dll
0x00007ff948610000 - 0x00007ff948cf8000 	C:\Windows\System32\SHELL32.dll
0x00007ff947780000 - 0x00007ff947827000 	C:\Windows\System32\shcore.dll
0x00007ff946570000 - 0x00007ff946ceb000 	C:\Windows\System32\windows.storage.dll
0x00007ff946510000 - 0x00007ff94652e000 	C:\Windows\System32\profapi.dll
0x00007ff9464c0000 - 0x00007ff94650a000 	C:\Windows\System32\powrprof.dll
0x00007ff9464b0000 - 0x00007ff9464c0000 	C:\Windows\System32\UMPDC.dll
0x00007ff948da0000 - 0x00007ff948df2000 	C:\Windows\System32\shlwapi.dll
0x00007ff946550000 - 0x00007ff946561000 	C:\Windows\System32\kernel.appcore.dll
0x00007ff947070000 - 0x00007ff947087000 	C:\Windows\System32\cryptsp.dll
0x000000006f9c0000 - 0x000000006fb58000 	C:\Program Files\Java\jre1.8.0_144\bin\awt.dll
0x00007ff948e30000 - 0x00007ff948ef5000 	C:\Windows\System32\OLEAUT32.dll
0x00007ff944560000 - 0x00007ff9445ef000 	C:\Windows\SYSTEM32\apphelp.dll
0x00007ff9446f0000 - 0x00007ff944789000 	C:\Windows\system32\uxtheme.dll
0x00007ff947970000 - 0x00007ff947aa5000 	C:\Windows\System32\MSCTF.dll
0x00007ff93e640000 - 0x00007ff93e68b000 	C:\Program Files\Listary\ListaryHook64.dll
0x00007ff9484b0000 - 0x00007ff948607000 	C:\Windows\System32\ole32.dll
0x00007ff939860000 - 0x00007ff9398c5000 	C:\Windows\SYSTEM32\OLEACC.dll
0x00007ff944b60000 - 0x00007ff944b8d000 	C:\Windows\system32\DWMAPI.DLL
0x00007ff90d180000 - 0x00007ff90d2d6000 	C:\Windows\system32\opengl32.dll
0x00007ff920ec0000 - 0x00007ff920eec000 	C:\Windows\SYSTEM32\GLU32.dll
0x00007ff945160000 - 0x00007ff945180000 	C:\Windows\SYSTEM32\dxcore.dll
0x00007ff946530000 - 0x00007ff946542000 	C:\Windows\System32\msasn1.dll
0x00007ff940f40000 - 0x00007ff940f6f000 	C:\Windows\SYSTEM32\cryptnet.dll
0x00007ff9470c0000 - 0x00007ff947211000 	C:\Windows\System32\CRYPT32.dll
0x00007ff945e60000 - 0x00007ff945e6c000 	C:\Windows\SYSTEM32\cryptbase.dll
0x00007ff947220000 - 0x00007ff94727c000 	C:\Windows\System32\WINTRUST.DLL
0x00007ff949530000 - 0x00007ff94954d000 	C:\Windows\System32\imagehlp.dll
0x00007ff945810000 - 0x00007ff945843000 	C:\Windows\system32\rsaenh.dll
0x00007ff946d90000 - 0x00007ff946db6000 	C:\Windows\System32\bcrypt.dll
0x00007ff9450a0000 - 0x00007ff9450c2000 	C:\Windows\SYSTEM32\gpapi.dll
0x00007ff946390000 - 0x00007ff9463b5000 	C:\Windows\SYSTEM32\USERENV.dll
0x000000006f9a0000 - 0x000000006f9ba000 	C:\Program Files\Java\jre1.8.0_144\bin\net.dll
0x00007ff945c90000 - 0x00007ff945cf7000 	C:\Windows\system32\mswsock.dll
0x00007ff9459a0000 - 0x00007ff9459da000 	C:\Windows\SYSTEM32\IPHLPAPI.DLL
0x00007ff947e80000 - 0x00007ff947e88000 	C:\Windows\System32\NSI.dll
0x00007ff940950000 - 0x00007ff940966000 	C:\Windows\SYSTEM32\dhcpcsvc6.DLL
0x00007ff940f20000 - 0x00007ff940f3c000 	C:\Windows\SYSTEM32\dhcpcsvc.DLL
0x00007ff9459e0000 - 0x00007ff945aab000 	C:\Windows\SYSTEM32\DNSAPI.dll
0x000000006f980000 - 0x000000006f991000 	C:\Program Files\Java\jre1.8.0_144\bin\nio.dll
0x00000000637c0000 - 0x00000000637cd000 	C:\Users\WU JIAQIAN\AppData\Local\Temp\jogamp_0000\file_cache\jln1711266373035670983\jln3184529854771966201\natives\windows-amd64\gluegen-rt.dll
0x000000006f970000 - 0x000000006f977000 	C:\Program Files\Java\jre1.8.0_144\bin\jawt.dll
0x000000006a440000 - 0x000000006a44d000 	C:\Users\WU JIAQIAN\AppData\Local\Temp\jogamp_0000\file_cache\jln1711266373035670983\jln3184529854771966201\natives\windows-amd64\nativewindow_awt.dll
0x000000006c100000 - 0x000000006c10f000 	C:\Users\WU JIAQIAN\AppData\Local\Temp\jogamp_0000\file_cache\jln1711266373035670983\jln3184529854771966201\natives\windows-amd64\nativewindow_win32.dll
0x000000006cbc0000 - 0x000000006cbd3000 	C:\Users\WU JIAQIAN\AppData\Local\Temp\jogamp_0000\file_cache\jln1711266373035670983\jln3184529854771966201\natives\windows-amd64\newt.dll
0x00007ff93a4c0000 - 0x00007ff93a56e000 	C:\Windows\SYSTEM32\mscms.dll
0x00007ff93a4a0000 - 0x00007ff93a4b7000 	C:\Windows\SYSTEM32\ColorAdapterClient.dll
0x00007ff922b10000 - 0x00007ff922b53000 	C:\Windows\SYSTEM32\icm32.dll
0x00007ff947e90000 - 0x00007ff948300000 	C:\Windows\System32\setupapi.dll
0x00007ff946230000 - 0x00007ff94625a000 	C:\Windows\SYSTEM32\DEVOBJ.dll
0x0000000064500000 - 0x00000000645b1000 	C:\Users\WU JIAQIAN\AppData\Local\Temp\jogamp_0000\file_cache\jln1711266373035670983\jln3184529854771966201\natives\windows-amd64\jogl_desktop.dll
0x0000000064340000 - 0x00000000643a2000 	C:\Users\WU JIAQIAN\AppData\Local\Temp\jogamp_0000\file_cache\jln1711266373035670983\jln3184529854771966201\natives\windows-amd64\jogl_mobile.dll
0x00007ff8e9670000 - 0x00007ff8ec009000 	C:\Windows\System32\DriverStore\FileRepository\nv_dispi.inf_amd64_1c83a5d7cffd7bff\nvoglv64.dll
0x00007ff9415d0000 - 0x00007ff9415e3000 	C:\Windows\SYSTEM32\WTSAPI32.dll
0x00007ff9454f0000 - 0x00007ff945521000 	C:\Windows\SYSTEM32\ntmarta.dll
0x00007ff946290000 - 0x00007ff9462e6000 	C:\Windows\SYSTEM32\WINSTA.dll
0x00007ff92d4c0000 - 0x00007ff92d55d000 	C:\Windows\System32\TextInputFramework.dll
0x00007ff93b530000 - 0x00007ff93b85a000 	C:\Windows\System32\CoreUIComponents.dll
0x00007ff944280000 - 0x00007ff944354000 	C:\Windows\System32\CoreMessaging.dll
0x00007ff942150000 - 0x00007ff9422a2000 	C:\Windows\SYSTEM32\wintypes.dll
0x00007ff93a6c0000 - 0x00007ff93a967000 	C:\Windows\System32\iertutil.dll
0x000000006f920000 - 0x000000006f967000 	C:\Program Files\Java\jre1.8.0_144\bin\fontmanager.dll
0x000000006f8f0000 - 0x000000006f91a000 	C:\Program Files\Java\jre1.8.0_144\bin\dcpr.dll
0x000000006f8a0000 - 0x000000006f8e2000 	C:\Program Files\Java\jre1.8.0_144\bin\t2k.dll
0x00007ff940b70000 - 0x00007ff940d64000 	C:\Windows\SYSTEM32\dbghelp.dll

VM Arguments:
java_command: G:\400_Work\420_Work_Project\423_CAAD\IdeaProjects\sunlight-computation\out\artifacts\sunlight_computation_jar\sunlight-computation.jar
java_class_path (initial): G:\400_Work\420_Work_Project\423_CAAD\IdeaProjects\sunlight-computation\out\artifacts\sunlight_computation_jar\sunlight-computation.jar
Launcher Type: SUN_STANDARD

Environment Variables:
PATH=C:\Program Files\gurobi903\win64\bin;C:\Program Files\NVIDIA GPU Computing Toolkit\CUDA\v10.0\bin;C:\Program Files\NVIDIA GPU Computing Toolkit\CUDA\v10.0\libnvvp;C:\ProgramData\Oracle\Java\javapath;C:\Windows\system32;C:\Windows;C:\Windows\System32\Wbem;C:\Windows\System32\WindowsPowerShell\v1.0\;C:\Windows\System32\OpenSSH\;C:\Program Files\NVIDIA Corporation\NVIDIA NGX;C:\Program Files\Microsoft SQL Server\120\Tools\Binn\;C:\Program Files\Common Files\Autodesk Shared\;C:\Program Files\dotnet\;C:\Program Files (x86)\Wolfram Research\WolframScript\;C:\Program Files\Git\cmd;C:\Android;C:\Program Files\Git LFS;C:\Program Files (x86)\NVIDIA Corporation\PhysX\Common;C:\Program Files\NVIDIA GPU Computing Toolkit\CUDA\v10.0\extras\CUPTI\libx64;C:\Program Files\NVIDIA GPU Computing Toolkit\CUDA\v10.0\include;C:\Program Files\cuda\bin;C:\Program Files (x86)\Graphviz2.38\bin;C:\Program Files (x86)\Windows Kits\10\Windows Performance Toolkit\;C:\Program Files\Wolfram Research\WolframScript\;C:\Program Files (x86)\dotnet\;C:\Program Files\Maven\apache-maven-3.6.3\bin;C:\Users\WU JIAQIAN\AppData\Local\Microsoft\WindowsApps;C:\Program Files\Microsoft VS Code\bin;C:\Program Files\Bandizip\;C:\Users\WU JIAQIAN\.dotnet\tools
USERNAME=WU JIAQIAN
OS=Windows_NT
PROCESSOR_IDENTIFIER=Intel64 Family 6 Model 60 Stepping 3, GenuineIntel



---------------  S Y S T E M  ---------------

OS: Windows 10.0 , 64 bit Build 18362 (10.0.18362.1350)

CPU:total 8 (initial active 8) (4 cores per cpu, 2 threads per core) family 6 model 60 stepping 3, cmov, cx8, fxsr, mmx, sse, sse2, sse3, ssse3, sse4.1, sse4.2, popcnt, avx, avx2, aes, clmul, erms, lzcnt, ht, tsc, tscinvbit, bmi1, bmi2

Memory: 4k page, physical 16716712k(7440892k free), swap 20517800k(5669612k free)

vm_info: Java HotSpot(TM) 64-Bit Server VM (25.144-b01) for windows-amd64 JRE (1.8.0_144-b01), built on Jul 21 2017 21:57:33 by "java_re" with MS VC++ 10.0 (VS2010)

time: Tue Mar 23 18:03:07 2021
elapsed time: 22 seconds (0d 0h 0m 22s)

